TN:
SF:/home/lstejskal/Projects/plugins/remote_execution/webpack/index.js
FNF:0
FNH:0
DA:13,0
DA:17,0
DA:18,0
DA:19,0
DA:20,0
DA:22,0
LF:6
LH:0
BRF:0
BRH:0
end_of_record
TN:
SF:/home/lstejskal/Projects/plugins/remote_execution/webpack/react_app/components/TargetingHosts/TargetingHosts.js
FN:6,(anonymous_0)
FN:12,(anonymous_1)
FN:26,(anonymous_2)
FN:30,(anonymous_3)
FN:36,(anonymous_4)
FN:41,(anonymous_5)
FN:47,(anonymous_6)
FN:63,(anonymous_7)
FN:81,(anonymous_8)
FNF:9
FNH:0
FNDA:0,(anonymous_0)
FNDA:0,(anonymous_1)
FNDA:0,(anonymous_2)
FNDA:0,(anonymous_3)
FNDA:0,(anonymous_4)
FNDA:0,(anonymous_5)
FNDA:0,(anonymous_6)
FNDA:0,(anonymous_7)
FNDA:0,(anonymous_8)
DA:6,0
DA:7,0
DA:8,0
DA:9,0
DA:10,0
DA:12,0
DA:13,0
DA:14,0
DA:23,0
DA:26,0
DA:27,0
DA:29,0
DA:31,0
DA:32,0
DA:34,0
DA:36,0
DA:37,0
DA:42,0
DA:43,0
DA:47,0
DA:48,0
DA:49,0
DA:60,0
DA:63,0
DA:64,0
DA:67,0
DA:81,0
DA:88,0
LF:28
LH:0
BRDA:13,0,0,0
BRDA:13,0,1,0
BRDA:34,1,0,0
BRDA:34,1,1,0
BRDA:48,2,0,0
BRDA:48,2,1,0
BRF:6
BRH:0
end_of_record
TN:
SF:/home/lstejskal/Projects/plugins/remote_execution/webpack/react_app/components/TargetingHosts/HostActions/HostActions.js
FN:4,(anonymous_0)
FN:25,(anonymous_1)
FNF:2
FNH:2
FNDA:4,(anonymous_0)
FNDA:1,(anonymous_1)
DA:4,2
DA:5,4
DA:7,4
DA:8,2
DA:11,2
DA:12,1
DA:14,1
DA:26,1
DA:34,2
LF:9
LH:9
BRDA:7,0,0,2
BRDA:7,0,1,2
BRDA:7,1,0,4
BRDA:7,1,1,3
BRDA:11,2,0,1
BRDA:11,2,1,1
BRF:6
BRH:6
end_of_record
TN:
SF:/home/lstejskal/Projects/plugins/remote_execution/webpack/react_app/components/TargetingHosts/HostItem/HostItem.js
FN:6,(anonymous_0)
FN:11,(anonymous_1)
FNF:2
FNH:2
FNDA:1,(anonymous_0)
FNDA:1,(anonymous_1)
DA:6,1
DA:9,1
DA:11,1
DA:12,1
DA:13,1
DA:15,0
DA:18,1
DA:34,1
LF:8
LH:7
BRDA:12,0,0,1
BRDA:12,0,1,0
BRDA:12,1,0,1
BRDA:12,1,1,0
BRF:4
BRH:2
end_of_record
TN:
SF:/home/lstejskal/Projects/plugins/remote_execution/webpack/react_app/components/TargetingHosts/HostStatus/HostStatus.js
FN:4,(anonymous_0)
FNF:1
FNH:1
FNDA:1,(anonymous_0)
DA:4,2
DA:5,1
DA:7,1
DA:9,0
DA:11,0
DA:13,0
DA:15,0
DA:17,0
DA:19,0
DA:21,1
DA:23,0
DA:27,2
LF:12
LH:5
BRDA:7,0,0,0
BRDA:7,0,1,0
BRDA:7,0,2,0
BRDA:7,0,3,0
BRDA:7,0,4,0
BRDA:7,0,5,0
BRDA:7,0,6,1
BRDA:7,0,7,0
BRF:8
BRH:1
end_of_record
TN:
SF:/home/lstejskal/Projects/plugins/remote_execution/webpack/react_app/components/jobInvocations/index.js
FN:10,(anonymous_0)
FN:10,(anonymous_1)
FN:13,(anonymous_2)
FN:19,(anonymous_3)
FN:33,(anonymous_4)
FNF:5
FNH:0
FNDA:0,(anonymous_0)
FNDA:0,(anonymous_1)
FNDA:0,(anonymous_2)
FNDA:0,(anonymous_3)
FNDA:0,(anonymous_4)
DA:10,0
DA:14,0
DA:16,0
DA:20,0
DA:21,0
DA:23,0
DA:33,0
DA:37,0
DA:39,0
DA:45,0
DA:59,0
LF:11
LH:0
BRDA:10,0,0,0
BRDA:10,0,1,0
BRDA:26,1,0,0
BRDA:26,1,1,0
BRF:4
BRH:0
end_of_record
TN:
SF:/home/lstejskal/Projects/plugins/remote_execution/webpack/react_app/components/jobInvocations/AggregateStatus/index.js
FN:3,(anonymous_0)
FNF:1
FNH:1
FNDA:2,(anonymous_0)
DA:3,1
DA:4,2
LF:2
LH:2
BRF:0
BRH:0
end_of_record
TN:
SF:/home/lstejskal/Projects/plugins/remote_execution/webpack/react_app/redux/consts.js
FNF:0
FNH:0
DA:2,1
DA:4,1
DA:6,1
LF:3
LH:3
BRF:0
BRH:0
end_of_record
TN:
SF:/home/lstejskal/Projects/plugins/remote_execution/webpack/react_app/redux/actions/jobInvocations/index.js
FN:14,(anonymous_0)
FN:14,(anonymous_1)
FN:15,onGetJobInvocationsSuccess
FN:34,onGetJobInvocationsFailed
FN:40,triggerPolling
FN:43,(anonymous_5)
FN:66,(anonymous_6)
FN:66,(anonymous_7)
FNF:8
FNH:0
FNDA:0,(anonymous_0)
FNDA:0,(anonymous_1)
FNDA:0,onGetJobInvocationsSuccess
FNDA:0,onGetJobInvocationsFailed
FNDA:0,triggerPolling
FNDA:0,(anonymous_5)
FNDA:0,(anonymous_6)
FNDA:0,(anonymous_7)
DA:10,0
DA:11,0
DA:14,0
DA:17,0
DA:18,0
DA:25,0
DA:35,0
DA:36,0
DA:41,0
DA:42,0
DA:43,0
DA:50,0
DA:53,0
DA:54,0
DA:55,0
DA:61,0
DA:66,0
DA:67,0
DA:68,0
DA:70,0
DA:73,0
LF:21
LH:0
BRDA:11,0,0,0
BRDA:11,0,1,0
BRDA:17,1,0,0
BRDA:17,1,1,0
BRDA:35,2,0,0
BRDA:35,2,1,0
BRDA:41,3,0,0
BRDA:41,3,1,0
BRDA:50,4,0,0
BRDA:50,4,1,0
BRDA:53,5,0,0
BRDA:53,5,1,0
BRDA:54,6,0,0
BRDA:54,6,1,0
BRDA:67,7,0,0
BRDA:67,7,1,0
BRF:16
BRH:0
end_of_record
TN:
SF:/home/lstejskal/Projects/plugins/remote_execution/webpack/react_app/redux/reducers/index.js
FNF:0
FNH:0
LF:0
LH:0
BRF:0
BRH:0
end_of_record
TN:
SF:/home/lstejskal/Projects/plugins/remote_execution/webpack/react_app/redux/reducers/jobInvocations/index.fixtures.js
FNF:0
FNH:0
DA:3,1
DA:9,1
DA:15,1
DA:48,1
LF:4
LH:4
BRF:0
BRH:0
end_of_record
TN:
SF:/home/lstejskal/Projects/plugins/remote_execution/webpack/react_app/redux/reducers/jobInvocations/index.js
FN:15,(anonymous_0)
FNF:1
FNH:1
FNDA:4,(anonymous_0)
DA:9,1
DA:16,4
DA:17,4
DA:19,1
DA:21,1
DA:26,1
DA:30,1
LF:7
LH:7
BRDA:15,0,0,1
BRDA:17,1,0,1
BRDA:17,1,1,1
BRDA:17,1,2,1
BRDA:17,1,3,1
BRF:5
BRH:5
end_of_record
